<?xml version="1.0" encoding="UTF-8"?>
<!-- Generated by org.testng.reporters.JUnitXMLReporter -->
<testsuite ignored="0" hostname="Lijisha-QA" failures="0" tests="2" name="Banking App Test" time="23.775" errors="0" timestamp="20 Mar 2024 07:24:11 GMT">
  <testcase classname="com.inetbanking.testCases.TC_LoginTest_001" name="loginTest" time="1.186"/>
  <testcase classname="com.inetbanking.testCases.TC_AddCustomerTest_003" name="addNewCustomer" time="13.307"/>
</testsuite> <!-- Banking App Test -->
