<?xml version="1.0" encoding="UTF-8"?>
<testng-results ignored="0" total="2" passed="2" failed="0" skipped="0">
  <reporter-output>
  </reporter-output>
  <suite started-at="2024-03-20T07:23:47Z" name="inetBankingV1" finished-at="2024-03-20T07:24:11Z" duration-ms="23775">
    <groups>
    </groups>
    <test started-at="2024-03-20T07:23:47Z" name="Banking App Test" finished-at="2024-03-20T07:24:11Z" duration-ms="23775">
      <class name="com.inetbanking.testCases.TC_LoginTest_001">
        <test-method is-config="true" signature="setup(java.lang.String)[pri:0, instance:com.inetbanking.testCases.TC_LoginTest_001@7e057f43]" started-at="2024-03-20T07:23:47Z" name="setup" finished-at="2024-03-20T07:23:52Z" duration-ms="4780" status="PASS">
          <params>
            <param index="0">
              <value>
                <![CDATA[chrome]]>
              </value>
            </param>
          </params>
          <reporter-output>
          </reporter-output>
        </test-method> <!-- setup -->
        <test-method signature="loginTest()[pri:0, instance:com.inetbanking.testCases.TC_LoginTest_001@7e057f43]" started-at="2024-03-20T07:23:52Z" name="loginTest" finished-at="2024-03-20T07:23:53Z" duration-ms="1186" status="PASS">
          <reporter-output>
          </reporter-output>
        </test-method> <!-- loginTest -->
        <test-method is-config="true" signature="afterMethod(org.testng.ITestResult)[pri:0, instance:com.inetbanking.testCases.TC_LoginTest_001@7e057f43]" started-at="2024-03-20T07:23:53Z" name="afterMethod" finished-at="2024-03-20T07:23:53Z" duration-ms="2" status="PASS">
          <params>
            <param index="0">
              <value>
                <![CDATA[[TestResult name=loginTest status=SUCCESS method=TC_LoginTest_001.loginTest()[pri:0, instance:com.inetbanking.testCases.TC_LoginTest_001@7e057f43] output={null}]]]>
              </value>
            </param>
          </params>
          <reporter-output>
          </reporter-output>
        </test-method> <!-- afterMethod -->
        <test-method is-config="true" signature="tearDown()[pri:0, instance:com.inetbanking.testCases.TC_LoginTest_001@7e057f43]" started-at="2024-03-20T07:23:53Z" name="tearDown" finished-at="2024-03-20T07:23:53Z" duration-ms="128" status="PASS">
          <reporter-output>
          </reporter-output>
        </test-method> <!-- tearDown -->
      </class> <!-- com.inetbanking.testCases.TC_LoginTest_001 -->
      <class name="com.inetbanking.testCases.TC_AddCustomerTest_003">
        <test-method is-config="true" signature="setup(java.lang.String)[pri:0, instance:com.inetbanking.testCases.TC_AddCustomerTest_003@6c284af]" started-at="2024-03-20T07:23:53Z" name="setup" finished-at="2024-03-20T07:23:57Z" duration-ms="4029" status="PASS">
          <params>
            <param index="0">
              <value>
                <![CDATA[chrome]]>
              </value>
            </param>
          </params>
          <reporter-output>
          </reporter-output>
        </test-method> <!-- setup -->
        <test-method signature="addNewCustomer()[pri:0, instance:com.inetbanking.testCases.TC_AddCustomerTest_003@6c284af]" started-at="2024-03-20T07:23:57Z" name="addNewCustomer" finished-at="2024-03-20T07:24:11Z" duration-ms="13307" status="PASS">
          <reporter-output>
          </reporter-output>
        </test-method> <!-- addNewCustomer -->
        <test-method is-config="true" signature="afterMethod(org.testng.ITestResult)[pri:0, instance:com.inetbanking.testCases.TC_AddCustomerTest_003@6c284af]" started-at="2024-03-20T07:24:11Z" name="afterMethod" finished-at="2024-03-20T07:24:11Z" duration-ms="1" status="PASS">
          <params>
            <param index="0">
              <value>
                <![CDATA[[TestResult name=addNewCustomer status=SUCCESS method=TC_AddCustomerTest_003.addNewCustomer()[pri:0, instance:com.inetbanking.testCases.TC_AddCustomerTest_003@6c284af] output={null}]]]>
              </value>
            </param>
          </params>
          <reporter-output>
          </reporter-output>
        </test-method> <!-- afterMethod -->
        <test-method is-config="true" signature="tearDown()[pri:0, instance:com.inetbanking.testCases.TC_AddCustomerTest_003@6c284af]" started-at="2024-03-20T07:24:11Z" name="tearDown" finished-at="2024-03-20T07:24:11Z" duration-ms="138" status="PASS">
          <reporter-output>
          </reporter-output>
        </test-method> <!-- tearDown -->
      </class> <!-- com.inetbanking.testCases.TC_AddCustomerTest_003 -->
    </test> <!-- Banking App Test -->
  </suite> <!-- inetBankingV1 -->
</testng-results>
