<?xml version="1.0" encoding="UTF-8"?>
<testng-results ignored="0" total="2" passed="2" failed="0" skipped="0">
  <reporter-output>
  </reporter-output>
  <suite started-at="2024-03-20T07:22:55Z" name="inetBankingV1" finished-at="2024-03-20T07:23:21Z" duration-ms="25473">
    <groups>
    </groups>
    <test started-at="2024-03-20T07:22:55Z" name="Banking App Test" finished-at="2024-03-20T07:23:21Z" duration-ms="25473">
      <class name="com.inetbanking.testCases.TC_LoginTest_001">
        <test-method is-config="true" signature="setup(java.lang.String)[pri:0, instance:com.inetbanking.testCases.TC_LoginTest_001@2ab4bc72]" started-at="2024-03-20T07:22:55Z" name="setup" finished-at="2024-03-20T07:23:01Z" duration-ms="5558" status="PASS">
          <params>
            <param index="0">
              <value>
                <![CDATA[chrome]]>
              </value>
            </param>
          </params>
          <reporter-output>
          </reporter-output>
        </test-method> <!-- setup -->
        <test-method signature="loginTest()[pri:0, instance:com.inetbanking.testCases.TC_LoginTest_001@2ab4bc72]" started-at="2024-03-20T07:23:01Z" name="loginTest" finished-at="2024-03-20T07:23:02Z" duration-ms="1328" status="PASS">
          <reporter-output>
          </reporter-output>
        </test-method> <!-- loginTest -->
        <test-method is-config="true" signature="afterMethod(org.testng.ITestResult)[pri:0, instance:com.inetbanking.testCases.TC_LoginTest_001@2ab4bc72]" started-at="2024-03-20T07:23:02Z" name="afterMethod" finished-at="2024-03-20T07:23:02Z" duration-ms="0" status="PASS">
          <params>
            <param index="0">
              <value>
                <![CDATA[[TestResult name=loginTest status=SUCCESS method=TC_LoginTest_001.loginTest()[pri:0, instance:com.inetbanking.testCases.TC_LoginTest_001@2ab4bc72] output={null}]]]>
              </value>
            </param>
          </params>
          <reporter-output>
          </reporter-output>
        </test-method> <!-- afterMethod -->
        <test-method is-config="true" signature="tearDown()[pri:0, instance:com.inetbanking.testCases.TC_LoginTest_001@2ab4bc72]" started-at="2024-03-20T07:23:02Z" name="tearDown" finished-at="2024-03-20T07:23:02Z" duration-ms="180" status="PASS">
          <reporter-output>
          </reporter-output>
        </test-method> <!-- tearDown -->
      </class> <!-- com.inetbanking.testCases.TC_LoginTest_001 -->
      <class name="com.inetbanking.testCases.TC_AddCustomerTest_003">
        <test-method is-config="true" signature="setup(java.lang.String)[pri:0, instance:com.inetbanking.testCases.TC_AddCustomerTest_003@4e5ed836]" started-at="2024-03-20T07:23:02Z" name="setup" finished-at="2024-03-20T07:23:07Z" duration-ms="4903" status="PASS">
          <params>
            <param index="0">
              <value>
                <![CDATA[chrome]]>
              </value>
            </param>
          </params>
          <reporter-output>
          </reporter-output>
        </test-method> <!-- setup -->
        <test-method signature="addNewCustomer()[pri:0, instance:com.inetbanking.testCases.TC_AddCustomerTest_003@4e5ed836]" started-at="2024-03-20T07:23:07Z" name="addNewCustomer" finished-at="2024-03-20T07:23:20Z" duration-ms="13099" status="PASS">
          <reporter-output>
          </reporter-output>
        </test-method> <!-- addNewCustomer -->
        <test-method is-config="true" signature="afterMethod(org.testng.ITestResult)[pri:0, instance:com.inetbanking.testCases.TC_AddCustomerTest_003@4e5ed836]" started-at="2024-03-20T07:23:20Z" name="afterMethod" finished-at="2024-03-20T07:23:20Z" duration-ms="1" status="PASS">
          <params>
            <param index="0">
              <value>
                <![CDATA[[TestResult name=addNewCustomer status=SUCCESS method=TC_AddCustomerTest_003.addNewCustomer()[pri:0, instance:com.inetbanking.testCases.TC_AddCustomerTest_003@4e5ed836] output={null}]]]>
              </value>
            </param>
          </params>
          <reporter-output>
          </reporter-output>
        </test-method> <!-- afterMethod -->
        <test-method is-config="true" signature="tearDown()[pri:0, instance:com.inetbanking.testCases.TC_AddCustomerTest_003@4e5ed836]" started-at="2024-03-20T07:23:20Z" name="tearDown" finished-at="2024-03-20T07:23:21Z" duration-ms="180" status="PASS">
          <reporter-output>
          </reporter-output>
        </test-method> <!-- tearDown -->
      </class> <!-- com.inetbanking.testCases.TC_AddCustomerTest_003 -->
    </test> <!-- Banking App Test -->
  </suite> <!-- inetBankingV1 -->
</testng-results>
